<?xml version="1.0" encoding="UTF-8"?>
<testng-results skipped="0" failed="0" ignored="0" total="1" passed="1">
  <reporter-output>
  </reporter-output>
  <suite name="Default suite" duration-ms="6985" started-at="2019-11-06T14:31:18Z" finished-at="2019-11-06T14:31:25Z">
    <groups>
    </groups>
    <test name="Default test" duration-ms="6985" started-at="2019-11-06T14:31:18Z" finished-at="2019-11-06T14:31:25Z">
      <class name="Neha.GoogleTest.SearchGoogleTest">
        <test-method status="PASS" signature="searchGoogle()[pri:0, instance:Neha.GoogleTest.SearchGoogleTest@4f7d0008]" name="searchGoogle" duration-ms="6967" started-at="2019-11-06T14:31:18Z" finished-at="2019-11-06T14:31:25Z">
          <reporter-output>
          </reporter-output>
        </test-method> <!-- searchGoogle -->
      </class> <!-- Neha.GoogleTest.SearchGoogleTest -->
    </test> <!-- Default test -->
  </suite> <!-- Default suite -->
</testng-results>
